<?xml version="1.0" encoding="UTF-8"?>
<testsuite name="kw.leetcode.test.LongestSubstringWithoutRepeatingCharactersTest" tests="1" skipped="0" failures="0" errors="0" timestamp="2020-11-27T00:08:25" hostname="ablack13-Vostro-3558" time="0.004">
  <properties/>
  <testcase name="start" classname="kw.leetcode.test.LongestSubstringWithoutRepeatingCharactersTest" time="0.004"/>
  <system-out><![CDATA[LongestSubstringWithoutRepeatingCharactersTest
]]></system-out>
  <system-err><![CDATA[]]></system-err>
</testsuite>
